<?xml version="1.0" encoding="UTF-8"?>
<!-- Generated by org.testng.reporters.JUnitReportReporter -->
<testsuite hostname="Debaprasad" failures="0" tests="1" name="com.InetBanking.TestCases.TC_Login_001" time="2.288" errors="0" timestamp="2022-10-29T18:05:52 IST" skipped="0">
  <testcase classname="com.InetBanking.TestCases.TC_Login_001" name="VerifyHomePage" time="2.288"/>
  <system-out/>
</testsuite> <!-- com.InetBanking.TestCases.TC_Login_001 -->
