<?xml version="1.0" encoding="UTF-8"?>
<!-- Generated by org.testng.reporters.JUnitReportReporter -->
<testsuite hostname="Debaprasad" failures="0" tests="6" name="com.InetBanking.TestCases.TC_LoginDDT_002" time="39.562" errors="0" timestamp="2022-11-19T13:27:01 IST" skipped="0">
  <testcase classname="com.InetBanking.TestCases.TC_LoginDDT_002" name="loginDDT" time="5.920"/>
  <system-out/>
  <testcase classname="com.InetBanking.TestCases.TC_LoginDDT_002" name="loginDDT" time="6.262"/>
  <system-out/>
  <testcase classname="com.InetBanking.TestCases.TC_LoginDDT_002" name="loginDDT" time="6.162"/>
  <system-out/>
  <testcase classname="com.InetBanking.TestCases.TC_LoginDDT_002" name="loginDDT" time="8.394"/>
  <system-out/>
  <testcase classname="com.InetBanking.TestCases.TC_LoginDDT_002" name="loginDDT" time="5.891"/>
  <system-out/>
  <testcase classname="com.InetBanking.TestCases.TC_LoginDDT_002" name="loginDDT" time="6.933"/>
  <system-out/>
</testsuite> <!-- com.InetBanking.TestCases.TC_LoginDDT_002 -->
