<?xml version="1.0" encoding="UTF-8"?>
<!-- Generated by org.testng.reporters.JUnitReportReporter -->
<testsuite hostname="Debaprasad" failures="0" tests="1" name="com.InetBanking.TestCases.TC_AddCustomerTest_003" time="7.738" errors="0" timestamp="2022-11-19T13:27:01 IST" skipped="0">
  <testcase classname="com.InetBanking.TestCases.TC_AddCustomerTest_003" name="addNewCustomer" time="7.738"/>
  <system-out/>
</testsuite> <!-- com.InetBanking.TestCases.TC_AddCustomerTest_003 -->
