<?xml version="1.0" encoding="UTF-8"?>
<!-- Generated by org.testng.reporters.JUnitReportReporter -->
<testsuite hostname="Debaprasad" failures="0" tests="6" name="com.InetBanking.TestCases.TC_LoginDDT_002" time="36.635" errors="0" timestamp="2022-11-01T17:23:10 IST" skipped="0">
  <testcase classname="com.InetBanking.TestCases.TC_LoginDDT_002" name="loginDDT" time="4.934"/>
  <system-out/>
  <testcase classname="com.InetBanking.TestCases.TC_LoginDDT_002" name="loginDDT" time="6.580"/>
  <system-out/>
  <testcase classname="com.InetBanking.TestCases.TC_LoginDDT_002" name="loginDDT" time="8.589"/>
  <system-out/>
  <testcase classname="com.InetBanking.TestCases.TC_LoginDDT_002" name="loginDDT" time="4.445"/>
  <system-out/>
  <testcase classname="com.InetBanking.TestCases.TC_LoginDDT_002" name="loginDDT" time="6.373"/>
  <system-out/>
  <testcase classname="com.InetBanking.TestCases.TC_LoginDDT_002" name="loginDDT" time="5.714"/>
  <system-out/>
</testsuite> <!-- com.InetBanking.TestCases.TC_LoginDDT_002 -->
